---------------------------------------------------------------------------------------------------------------------------------------------
      name:  <unnamed>
       log:  C:\Users\jgp958\Downloads\HW4\Jai_Prasadh_HW4.log
  log type:  text
 opened on:  21 Feb 2018, 22:56:09

. 
. * Jai Prasadh
. * ECO 341K
. * HW 4
. * Written 2018-02-21
. di "Executed $S_DATE at $S_TIME"
Executed 21 Feb 2018 at 22:56:09

. 
. * Trejo Problem 1
. use stocks.dta, clear

. 
. * (a)
. reg ge ibm

      Source |       SS           df       MS      Number of obs   =        96
-------------+----------------------------------   F(1, 94)        =     32.32
       Model |  .089221529         1  .089221529   Prob > F        =    0.0000
    Residual |  .259502653        94  .002760667   R-squared       =    0.2559
-------------+----------------------------------   Adj R-squared   =    0.2479
       Total |  .348724181        95  .003670781   Root MSE        =    .05254

------------------------------------------------------------------------------
          ge |      Coef.   Std. Err.      t    P>|t|     [95% Conf. Interval]
-------------+----------------------------------------------------------------
         ibm |   .3443231   .0605673     5.68   0.000     .2240653     .464581
       _cons |  -.0012008   .0053695    -0.22   0.824    -.0118621    .0094604
------------------------------------------------------------------------------

. 
. * (b)
. * (c)
. * (d)
. reg ge ibm dowjones

      Source |       SS           df       MS      Number of obs   =        96
-------------+----------------------------------   F(2, 93)        =     31.76
       Model |  .141521982         2  .070760991   Prob > F        =    0.0000
    Residual |  .207202199        93  .002227981   R-squared       =    0.4058
-------------+----------------------------------   Adj R-squared   =    0.3930
       Total |  .348724181        95  .003670781   Root MSE        =     .0472

------------------------------------------------------------------------------
          ge |      Coef.   Std. Err.      t    P>|t|     [95% Conf. Interval]
-------------+----------------------------------------------------------------
         ibm |   .1143767   .0722013     1.58   0.117    -.0290008    .2577543
    dowjones |   .7798454   .1609576     4.85   0.000     .4602155    1.099475
       _cons |  -.0019457   .0048262    -0.40   0.688    -.0115295    .0076382
------------------------------------------------------------------------------

. 
. save stocks_modified.dta, replace
file stocks_modified.dta saved

. 
. * Wooldridge C3.4
. use attend.dta, clear

. 
. * (i)
. sum atndrte priGPA ACT

    Variable |        Obs        Mean    Std. Dev.       Min        Max
-------------+---------------------------------------------------------
     atndrte |        680    81.70956    17.04699       6.25        100
      priGPA |        680    2.586775    .5447141       .857       3.93
         ACT |        680    22.51029    3.490768         13         32

. 
. * (ii)
. * (iii)
. reg atndrte priGPA ACT

      Source |       SS           df       MS      Number of obs   =       680
-------------+----------------------------------   F(2, 677)       =    138.65
       Model |  57336.7612         2  28668.3806   Prob > F        =    0.0000
    Residual |  139980.564       677  206.765974   R-squared       =    0.2906
-------------+----------------------------------   Adj R-squared   =    0.2885
       Total |  197317.325       679   290.59989   Root MSE        =    14.379

------------------------------------------------------------------------------
     atndrte |      Coef.   Std. Err.      t    P>|t|     [95% Conf. Interval]
-------------+----------------------------------------------------------------
      priGPA |   17.26059   1.083103    15.94   0.000     15.13395    19.38724
         ACT |  -1.716553    .169012   -10.16   0.000    -2.048404   -1.384702
       _cons |    75.7004   3.884108    19.49   0.000     68.07406    83.32675
------------------------------------------------------------------------------

. 
. * (iv)
. di 75.7004 + (17.26059 * 3.65) + (-1.716553 * 20)
104.37049

. 
. * (v)
. di (75.7004 + (17.26059 * 3.1) + (-1.716553 * 21)) - ///
> (75.7004 + (17.26059 * 2.1) + (-1.716553 * 26))
25.843355

. 
. save attend_modified.dta, replace
file attend_modified.dta saved

. 
. * Wooldridge C3.8
. use discrim.dta, clear

. 
. * (i)
. desc prpblck income

              storage   display    value
variable name   type    format     label      variable label
---------------------------------------------------------------------------------------------------------------------------------------------
prpblck         float   %9.0g                 proportion black, zipcode
income          float   %9.0g                 median family income, zipcode

. sum prpblck income

    Variable |        Obs        Mean    Std. Dev.       Min        Max
-------------+---------------------------------------------------------
     prpblck |        409    .1134864    .1824165          0   .9816579
      income |        409    47053.78    13179.29      15919     136529

. 
. * (ii)
. reg psoda prpblck income

      Source |       SS           df       MS      Number of obs   =       401
-------------+----------------------------------   F(2, 398)       =     13.66
       Model |  .202552215         2  .101276107   Prob > F        =    0.0000
    Residual |  2.95146493       398  .007415741   R-squared       =    0.0642
-------------+----------------------------------   Adj R-squared   =    0.0595
       Total |  3.15401715       400  .007885043   Root MSE        =    .08611

------------------------------------------------------------------------------
       psoda |      Coef.   Std. Err.      t    P>|t|     [95% Conf. Interval]
-------------+----------------------------------------------------------------
     prpblck |   .1149882   .0260006     4.42   0.000     .0638724    .1661039
      income |   1.60e-06   3.62e-07     4.43   0.000     8.91e-07    2.31e-06
       _cons |   .9563196    .018992    50.35   0.000     .9189824    .9936568
------------------------------------------------------------------------------

. 
. * (iii)
. reg psoda prpblck

      Source |       SS           df       MS      Number of obs   =       401
-------------+----------------------------------   F(1, 399)       =      7.34
       Model |  .057010466         1  .057010466   Prob > F        =    0.0070
    Residual |  3.09700668       399  .007761922   R-squared       =    0.0181
-------------+----------------------------------   Adj R-squared   =    0.0156
       Total |  3.15401715       400  .007885043   Root MSE        =     .0881

------------------------------------------------------------------------------
       psoda |      Coef.   Std. Err.      t    P>|t|     [95% Conf. Interval]
-------------+----------------------------------------------------------------
     prpblck |   .0649269    .023957     2.71   0.007     .0178292    .1120245
       _cons |   1.037399   .0051905   199.87   0.000     1.027195    1.047603
------------------------------------------------------------------------------

. 
. * (iv)
. reg lpsoda prpblck lincome

      Source |       SS           df       MS      Number of obs   =       401
-------------+----------------------------------   F(2, 398)       =     14.54
       Model |  .196020672         2  .098010336   Prob > F        =    0.0000
    Residual |  2.68272938       398  .006740526   R-squared       =    0.0681
-------------+----------------------------------   Adj R-squared   =    0.0634
       Total |  2.87875005       400  .007196875   Root MSE        =     .0821

------------------------------------------------------------------------------
      lpsoda |      Coef.   Std. Err.      t    P>|t|     [95% Conf. Interval]
-------------+----------------------------------------------------------------
     prpblck |   .1215803   .0257457     4.72   0.000     .0709657    .1721948
     lincome |   .0765114   .0165969     4.61   0.000     .0438829    .1091399
       _cons |   -.793768   .1794337    -4.42   0.000    -1.146524   -.4410117
------------------------------------------------------------------------------

. di .2 * .1215803
.02431606

. 
. * (v)
. reg lpsoda prpblck lincome prppov

      Source |       SS           df       MS      Number of obs   =       401
-------------+----------------------------------   F(3, 397)       =     12.60
       Model |  .250340622         3  .083446874   Prob > F        =    0.0000
    Residual |  2.62840943       397  .006620679   R-squared       =    0.0870
-------------+----------------------------------   Adj R-squared   =    0.0801
       Total |  2.87875005       400  .007196875   Root MSE        =    .08137

------------------------------------------------------------------------------
      lpsoda |      Coef.   Std. Err.      t    P>|t|     [95% Conf. Interval]
-------------+----------------------------------------------------------------
     prpblck |   .0728072   .0306756     2.37   0.018     .0125003    .1331141
     lincome |   .1369553   .0267554     5.12   0.000     .0843552    .1895553
      prppov |     .38036   .1327903     2.86   0.004     .1192999    .6414201
       _cons |  -1.463333   .2937111    -4.98   0.000    -2.040756   -.8859092
------------------------------------------------------------------------------

. 
. * (vi)
. * (vii)
. corr lincome prppov
(obs=409)

             |  lincome   prppov
-------------+------------------
     lincome |   1.0000
      prppov |  -0.8385   1.0000


. 
. save discrim_modified.dta, replace
file discrim_modified.dta saved

. 
. log close
      name:  <unnamed>
       log:  C:\Users\jgp958\Downloads\HW4\Jai_Prasadh_HW4.log
  log type:  text
 closed on:  21 Feb 2018, 22:56:09
---------------------------------------------------------------------------------------------------------------------------------------------
