---------------------------------------------------------------------------------------------------------------------------------------------
      name:  <unnamed>
       log:  C:\Users\jgp958\Downloads\HW6\Jai_Prasadh_HW6.log
  log type:  text
 opened on:  18 Mar 2018, 22:49:50

. 
. * Jai Prasadh
. * ECO 341K
. * HW 6
. * Written 2018-03-18
. di "Executed $S_DATE at $S_TIME"
Executed 18 Mar 2018 at 22:49:50

. 
. * Wooldridge C4.2
. use LAWSCH85.DTA, clear

. 
. * (i)
. reg lsalary LSAT GPA llibvol lcost rank

      Source |       SS           df       MS      Number of obs   =       136
-------------+----------------------------------   F(5, 130)       =    138.23
       Model |  8.73362207         5  1.74672441   Prob > F        =    0.0000
    Residual |  1.64272974       130  .012636383   R-squared       =    0.8417
-------------+----------------------------------   Adj R-squared   =    0.8356
       Total |  10.3763518       135  .076861865   Root MSE        =    .11241

------------------------------------------------------------------------------
     lsalary |      Coef.   Std. Err.      t    P>|t|     [95% Conf. Interval]
-------------+----------------------------------------------------------------
        LSAT |   .0046965   .0040105     1.17   0.244    -.0032378    .0126308
         GPA |   .2475239    .090037     2.75   0.007     .0693964    .4256514
     llibvol |   .0949932   .0332543     2.86   0.005     .0292035     .160783
       lcost |   .0375538   .0321061     1.17   0.244    -.0259642    .1010718
        rank |  -.0033246   .0003485    -9.54   0.000     -.004014   -.0026352
       _cons |   8.343226   .5325192    15.67   0.000       7.2897    9.396752
------------------------------------------------------------------------------

. * test H0: rank effect = 0
. di 2 * ttail(136-6, abs(-.0033246 - 0) / .0003485)
1.128e-16

. 
. * (ii)
. test (LSAT = 0) (GPA = 0)

 ( 1)  LSAT = 0
 ( 2)  GPA = 0

       F(  2,   130) =    9.95
            Prob > F =    0.0001

. 
. * (iii)
. * (iv)
. quietly reg lsalary LSAT GPA llibvol lcost rank clsize faculty

. test (clsize = 0) (faculty = 0)

 ( 1)  clsize = 0
 ( 2)  faculty = 0

       F(  2,   123) =    0.95
            Prob > F =    0.3902

. 
. save LAWSCH85_modified.dta, replace
file LAWSCH85_modified.dta saved

. 
. * Wooldridge C4.9
. use discrim.dta, clear

. 
. * (i)
. reg lpsoda prpblck lincome prppov

      Source |       SS           df       MS      Number of obs   =       401
-------------+----------------------------------   F(3, 397)       =     12.60
       Model |  .250340622         3  .083446874   Prob > F        =    0.0000
    Residual |  2.62840943       397  .006620679   R-squared       =    0.0870
-------------+----------------------------------   Adj R-squared   =    0.0801
       Total |  2.87875005       400  .007196875   Root MSE        =    .08137

------------------------------------------------------------------------------
      lpsoda |      Coef.   Std. Err.      t    P>|t|     [95% Conf. Interval]
-------------+----------------------------------------------------------------
     prpblck |   .0728072   .0306756     2.37   0.018     .0125003    .1331141
     lincome |   .1369553   .0267554     5.12   0.000     .0843552    .1895553
      prppov |     .38036   .1327903     2.86   0.004     .1192999    .6414201
       _cons |  -1.463333   .2937111    -4.98   0.000    -2.040756   -.8859092
------------------------------------------------------------------------------

. 
. * (ii)
. corr lincome prppov
(obs=409)

             |  lincome   prppov
-------------+------------------
     lincome |   1.0000
      prppov |  -0.8385   1.0000


. test (lincome = 0) (prppov = 0)

 ( 1)  lincome = 0
 ( 2)  prppov = 0

       F(  2,   397) =   14.92
            Prob > F =    0.0000

. 
. * (iii)
. reg lpsoda prpblck lincome prppov lhseval

      Source |       SS           df       MS      Number of obs   =       401
-------------+----------------------------------   F(4, 396)       =     22.31
       Model |  .529488085         4  .132372021   Prob > F        =    0.0000
    Residual |  2.34926197       396   .00593248   R-squared       =    0.1839
-------------+----------------------------------   Adj R-squared   =    0.1757
       Total |  2.87875005       400  .007196875   Root MSE        =    .07702

------------------------------------------------------------------------------
      lpsoda |      Coef.   Std. Err.      t    P>|t|     [95% Conf. Interval]
-------------+----------------------------------------------------------------
     prpblck |   .0975502   .0292607     3.33   0.001     .0400244     .155076
     lincome |  -.0529904   .0375261    -1.41   0.159    -.1267657    .0207848
      prppov |   .0521229   .1344992     0.39   0.699    -.2122989    .3165447
     lhseval |   .1213056   .0176841     6.86   0.000     .0865392    .1560721
       _cons |  -.8415149   .2924318    -2.88   0.004    -1.416428   -.2666019
------------------------------------------------------------------------------

. 
. * (iv)
. * (v)
. test (lincome = 0) (prppov = 0)

 ( 1)  lincome = 0
 ( 2)  prppov = 0

       F(  2,   396) =    3.52
            Prob > F =    0.0304

. 
. * (a)
. gen prpblck_2prppov = prpblck + (2 * prppov)
(1 missing value generated)

. reg lpsoda prpblck_2prppov lincome

      Source |       SS           df       MS      Number of obs   =       401
-------------+----------------------------------   F(2, 398)       =     17.96
       Model |  .238355855         2  .119177928   Prob > F        =    0.0000
    Residual |   2.6403942       398  .006634156   R-squared       =    0.0828
-------------+----------------------------------   Adj R-squared   =    0.0782
       Total |  2.87875005       400  .007196875   Root MSE        =    .08145

---------------------------------------------------------------------------------
         lpsoda |      Coef.   Std. Err.      t    P>|t|     [95% Conf. Interval]
----------------+----------------------------------------------------------------
prpblck_2prppov |   .1047559   .0194394     5.39   0.000     .0665391    .1429727
        lincome |   .1130293   .0200108     5.65   0.000     .0736893    .1523694
          _cons |  -1.198291   .2180749    -5.49   0.000    -1.627014   -.7695685
---------------------------------------------------------------------------------

. * F-stat for this test
. di ((.087 - .0828)/(1 - .087)) * ((401 - 4) / 1)
1.826287

. 
. * (b)
. quietly reg lpsoda prpblck lincome prppov

. test (prppov - (2 * prpblck) = 0)

 ( 1)  - 2*prpblck + prppov = 0

       F(  1,   397) =    1.81
            Prob > F =    0.1793

. 
. save discrim_modified.dta, replace
file discrim_modified.dta saved

. 
. log close
      name:  <unnamed>
       log:  C:\Users\jgp958\Downloads\HW6\Jai_Prasadh_HW6.log
  log type:  text
 closed on:  18 Mar 2018, 22:49:51
---------------------------------------------------------------------------------------------------------------------------------------------
