---------------------------------------------------------------------------------------------------------------------------------------------
      name:  <unnamed>
       log:  C:\Users\jgp958\Downloads\HW8\Jai_Prasadh_HW8.log
  log type:  text
 opened on:  16 Apr 2018, 00:45:46

. 
. * Jai Prasadh
. * ECO 341K
. * HW 8
. * Written 2018-04-15
. di "Executed $S_DATE at $S_TIME"
Executed 16 Apr 2018 at 00:45:46

. 
. * Wooldridge C6.6
. use VOTE1.DTA, clear

. 
. * (i)
. * (ii)
. gen expendAB = expendA * expendB

. reg voteA prtystrA expendA expendB expendAB 

      Source |       SS           df       MS      Number of obs   =       173
-------------+----------------------------------   F(4, 168)       =     55.86
       Model |  27660.9224         4   6915.2306   Prob > F        =    0.0000
    Residual |  20796.3261       168  123.787656   R-squared       =    0.5708
-------------+----------------------------------   Adj R-squared   =    0.5606
       Total |  48457.2486       172  281.728189   Root MSE        =    11.126

------------------------------------------------------------------------------
       voteA |      Coef.   Std. Err.      t    P>|t|     [95% Conf. Interval]
-------------+----------------------------------------------------------------
    prtystrA |   .3419398   .0879929     3.89   0.000     .1682255    .5156541
     expendA |   .0382809     .00496     7.72   0.000      .028489    .0480728
     expendB |  -.0317238   .0045875    -6.92   0.000    -.0407805   -.0226672
    expendAB |  -6.63e-06   7.19e-06    -0.92   0.358    -.0000208    7.56e-06
       _cons |   32.11738   4.591152     7.00   0.000      23.0536    41.18116
------------------------------------------------------------------------------

. 
. * (iii)
. sum expendA

    Variable |        Obs        Mean    Std. Dev.       Min        Max
-------------+---------------------------------------------------------
     expendA |        173     310.611    280.9854       .302   1470.674

. 
. * (iv)
. * (v)
. reg voteA prtystrA expendA expendB shareA 

      Source |       SS           df       MS      Number of obs   =       173
-------------+----------------------------------   F(4, 168)       =    276.54
       Model |  42068.1185         4  10517.0296   Prob > F        =    0.0000
    Residual |  6389.13007       168  38.0305361   R-squared       =    0.8681
-------------+----------------------------------   Adj R-squared   =    0.8650
       Total |  48457.2486       172  281.728189   Root MSE        =    6.1669

------------------------------------------------------------------------------
       voteA |      Coef.   Std. Err.      t    P>|t|     [95% Conf. Interval]
-------------+----------------------------------------------------------------
    prtystrA |   .1572715   .0496846     3.17   0.002     .0591849    .2553582
     expendA |  -.0066695   .0028328    -2.35   0.020     -.012262    -.001077
     expendB |   .0042669   .0026066     1.64   0.104     -.000879    .0094129
      shareA |   .4943944   .0253086    19.53   0.000     .4444305    .5443582
       _cons |   18.19537   2.567856     7.09   0.000     13.12595     23.2648
------------------------------------------------------------------------------

. 
. save VOTE1_modified.DTA, replace
file VOTE1_modified.DTA saved

. 
. * Wooldridge C7.6
. use SLEEP75.DTA, clear

. 
. * (i)
. reg sleep totwrk educ age agesq yngkid if male == 0

      Source |       SS           df       MS      Number of obs   =       306
-------------+----------------------------------   F(5, 300)       =      6.50
       Model |  6201576.18         5  1240315.24   Prob > F        =    0.0000
    Residual |  57288575.9       300   190961.92   R-squared       =    0.0977
-------------+----------------------------------   Adj R-squared   =    0.0826
       Total |  63490152.1       305  208164.433   Root MSE        =    436.99

------------------------------------------------------------------------------
       sleep |      Coef.   Std. Err.      t    P>|t|     [95% Conf. Interval]
-------------+----------------------------------------------------------------
      totwrk |  -.1399495   .0276594    -5.06   0.000    -.1943806   -.0855184
        educ |  -10.20514   9.588848    -1.06   0.288    -29.07506    8.664787
         age |  -30.35657   18.53091    -1.64   0.102    -66.82361    6.110464
       agesq |   .3679406   .2233398     1.65   0.101    -.0715705    .8074516
      yngkid |  -118.2826   93.18757    -1.27   0.205    -301.6667    65.10154
       _cons |   4238.729   384.8923    11.01   0.000     3481.299     4996.16
------------------------------------------------------------------------------

. reg sleep totwrk educ age agesq yngkid if male == 1

      Source |       SS           df       MS      Number of obs   =       400
-------------+----------------------------------   F(5, 394)       =     14.59
       Model |  11806161.6         5  2361232.32   Prob > F        =    0.0000
    Residual |    63763979       394   161837.51   R-squared       =    0.1562
-------------+----------------------------------   Adj R-squared   =    0.1455
       Total |  75570140.6       399  189398.849   Root MSE        =    402.29

------------------------------------------------------------------------------
       sleep |      Coef.   Std. Err.      t    P>|t|     [95% Conf. Interval]
-------------+----------------------------------------------------------------
      totwrk |  -.1821232   .0244855    -7.44   0.000    -.2302618   -.1339846
        educ |  -13.05238   7.414218    -1.76   0.079    -27.62876    1.523996
         age |   7.156591   14.32037     0.50   0.618    -20.99731    35.31049
       agesq |  -.0447674   .1684053    -0.27   0.791    -.3758528    .2863181
      yngkid |   60.38021   59.02278     1.02   0.307    -55.65877    176.4192
       _cons |   3648.208   310.0393    11.77   0.000      3038.67    4257.747
------------------------------------------------------------------------------

. 
. * (ii)
. gen mtotwrk = male * totwrk

. gen meduc = male * educ

. gen mage = male * age

. gen magesq = male * agesq

. gen myngkid = male * yngkid

. reg sleep totwrk mtotwrk educ meduc age mage agesq magesq yngkid myngkid

      Source |       SS           df       MS      Number of obs   =       706
-------------+----------------------------------   F(10, 695)      =     10.27
       Model |  17932692.9        10  1793269.29   Prob > F        =    0.0000
    Residual |   121307143       695  174542.652   R-squared       =    0.1288
-------------+----------------------------------   Adj R-squared   =    0.1163
       Total |   139239836       705  197503.313   Root MSE        =    417.78

------------------------------------------------------------------------------
       sleep |      Coef.   Std. Err.      t    P>|t|     [95% Conf. Interval]
-------------+----------------------------------------------------------------
      totwrk |  -.1397412   .0264431    -5.28   0.000    -.1916591   -.0878234
     mtotwrk |  -.0450129   .0366107    -1.23   0.219    -.1168938     .026868
        educ |  -7.167515   8.815571    -0.81   0.416    -24.47586    10.14083
       meduc |   -7.95903   11.19874    -0.71   0.478    -29.94645    14.02839
         age |  -15.58618   12.81787    -1.22   0.224    -40.75257    9.580213
        mage |   12.01187    9.44416     1.27   0.204    -6.530634    30.55438
       agesq |   .1972399   .1600458     1.23   0.218    -.1169913    .5114712
      magesq |  -.1214604   .1342515    -0.90   0.366    -.3850474    .1421267
      yngkid |  -102.8611   88.17151    -1.17   0.244    -275.9756    70.25334
     myngkid |   152.9227   106.0198     1.44   0.150    -55.23481    361.0803
       _cons |   3904.277   242.3133    16.11   0.000     3428.523    4380.031
------------------------------------------------------------------------------

. test mtotwrk meduc mage magesq myngkid

 ( 1)  mtotwrk = 0
 ( 2)  meduc = 0
 ( 3)  mage = 0
 ( 4)  magesq = 0
 ( 5)  myngkid = 0

       F(  5,   695) =    2.25
            Prob > F =    0.0482

. 
. * (iii)
. reg sleep male totwrk mtotwrk educ meduc age mage agesq magesq yngkid myngkid

      Source |       SS           df       MS      Number of obs   =       706
-------------+----------------------------------   F(11, 694)      =      9.48
       Model |  18187280.8        11  1653389.17   Prob > F        =    0.0000
    Residual |   121052555       694  174427.313   R-squared       =    0.1306
-------------+----------------------------------   Adj R-squared   =    0.1168
       Total |   139239836       705  197503.313   Root MSE        =    417.64

------------------------------------------------------------------------------
       sleep |      Coef.   Std. Err.      t    P>|t|     [95% Conf. Interval]
-------------+----------------------------------------------------------------
        male |  -590.5211   488.7916    -1.21   0.227    -1550.209    369.1665
      totwrk |  -.1399495   .0264349    -5.29   0.000    -.1918514   -.0880476
     mtotwrk |  -.0421737    .036674    -1.15   0.251     -.114179    .0298317
        educ |  -10.20514   9.164321    -1.11   0.266    -28.19826    7.787983
       meduc |  -2.847243   11.96795    -0.24   0.812    -26.34497    20.65048
         age |  -30.35657   17.71049    -1.71   0.087    -65.12914    4.415998
        mage |   37.51316   23.12332     1.62   0.105    -7.886888    82.91321
       agesq |   .3679406   .2134519     1.72   0.085    -.0511483    .7870294
      magesq |  -.4127079   .2759136    -1.50   0.135    -.9544333    .1290175
      yngkid |  -118.2826   89.06187    -1.33   0.185    -293.1456    56.58047
     myngkid |   178.6628   108.1051     1.65   0.099     -33.5895     390.915
       _cons |   4238.729   367.8519    11.52   0.000     3516.493    4960.965
------------------------------------------------------------------------------

. test male mtotwrk meduc mage magesq myngkid

 ( 1)  male = 0
 ( 2)  mtotwrk = 0
 ( 3)  meduc = 0
 ( 4)  mage = 0
 ( 5)  magesq = 0
 ( 6)  myngkid = 0

       F(  6,   694) =    2.12
            Prob > F =    0.0495

. 
. save SLEEP75_modified.DTA, replace
file SLEEP75_modified.DTA saved

. 
. * Wooldridge C7.10
. use nbasal.dta, clear

. 
. * (i)
. reg points exper expersq guard forward

      Source |       SS           df       MS      Number of obs   =       269
-------------+----------------------------------   F(4, 264)       =      6.61
       Model |  848.938273         4  212.234568   Prob > F        =    0.0000
    Residual |  8482.25261       264  32.1297447   R-squared       =    0.0910
-------------+----------------------------------   Adj R-squared   =    0.0772
       Total |  9331.19088       268  34.8178764   Root MSE        =    5.6683

------------------------------------------------------------------------------
      points |      Coef.   Std. Err.      t    P>|t|     [95% Conf. Interval]
-------------+----------------------------------------------------------------
       exper |   1.280673   .3285329     3.90   0.000     .6337943    1.927551
     expersq |  -.0718434    .024072    -2.98   0.003    -.1192409   -.0244458
       guard |   2.314692   1.000363     2.31   0.021      .344987    4.284397
     forward |    1.54457   1.002256     1.54   0.124    -.4288626    3.518002
       _cons |   4.760765    1.17862     4.04   0.000     2.440074    7.081456
------------------------------------------------------------------------------

. 
. * (ii)
. * (iii)
. * (iv)
. reg points exper expersq guard forward marr

      Source |       SS           df       MS      Number of obs   =       269
-------------+----------------------------------   F(5, 263)       =      5.40
       Model |  868.974546         5  173.794909   Prob > F        =    0.0001
    Residual |  8462.21633       263  32.1757275   R-squared       =    0.0931
-------------+----------------------------------   Adj R-squared   =    0.0759
       Total |  9331.19088       268  34.8178764   Root MSE        =    5.6724

------------------------------------------------------------------------------
      points |      Coef.   Std. Err.      t    P>|t|     [95% Conf. Interval]
-------------+----------------------------------------------------------------
       exper |   1.233258   .3342133     3.69   0.000     .5751842    1.891333
     expersq |  -.0703726   .0241612    -2.91   0.004    -.1179467   -.0227986
       guard |   2.286322   1.001724     2.28   0.023      .313903    4.258741
     forward |   1.540913   1.002983     1.54   0.126    -.4339859    3.515813
        marr |   .5842652   .7403988     0.79   0.431    -.8735986    2.042129
       _cons |   4.702944   1.181737     3.98   0.000     2.376075    7.029813
------------------------------------------------------------------------------

. 
. * (v)
. gen mexper = marr * exper

. gen mexpersq = marr * expersq

. reg points exper mexper expersq mexpersq guard forward marr

      Source |       SS           df       MS      Number of obs   =       269
-------------+----------------------------------   F(7, 261)       =      4.41
       Model |  987.439898         7  141.062843   Prob > F        =    0.0001
    Residual |  8343.75098       261  31.9683946   R-squared       =    0.1058
-------------+----------------------------------   Adj R-squared   =    0.0818
       Total |  9331.19088       268  34.8178764   Root MSE        =    5.6541

------------------------------------------------------------------------------
      points |      Coef.   Std. Err.      t    P>|t|     [95% Conf. Interval]
-------------+----------------------------------------------------------------
       exper |    .702554   .4340474     1.62   0.107    -.1521264    1.557234
      mexper |   1.279653   .6822903     1.88   0.062    -.0638413    2.623147
     expersq |  -.0295007   .0326709    -0.90   0.367    -.0938327    .0348313
    mexpersq |  -.0935931   .0488703    -1.92   0.057    -.1898233    .0026371
       guard |   2.250792   1.000023     2.25   0.025     .2816518    4.219932
     forward |   1.629149   1.001988     1.63   0.105    -.3438596    3.602159
        marr |  -2.537502   2.038217    -1.24   0.214    -6.550943     1.47594
       _cons |   5.816151   1.348782     4.31   0.000     3.160271    8.472031
------------------------------------------------------------------------------

. test mexper mexpersq marr

 ( 1)  mexper = 0
 ( 2)  mexpersq = 0
 ( 3)  marr = 0

       F(  3,   261) =    1.44
            Prob > F =    0.2303

. 
. * (vi)
. reg assists exper expersq guard forward marr

      Source |       SS           df       MS      Number of obs   =       269
-------------+----------------------------------   F(5, 263)       =     28.31
       Model |  410.753804         5  82.1507608   Prob > F        =    0.0000
    Residual |  763.244797       263  2.90207147   R-squared       =    0.3499
-------------+----------------------------------   Adj R-squared   =    0.3375
       Total |   1173.9986       268  4.38059179   Root MSE        =    1.7035

------------------------------------------------------------------------------
     assists |      Coef.   Std. Err.      t    P>|t|     [95% Conf. Interval]
-------------+----------------------------------------------------------------
       exper |   .4436035   .1003722     4.42   0.000     .2459681    .6412389
     expersq |  -.0267257   .0072562    -3.68   0.000    -.0410134   -.0124381
       guard |   2.491672   .3008416     8.28   0.000     1.899307    3.084037
     forward |   .4474712   .3012199     1.49   0.139    -.1456382    1.040581
        marr |   .3218986   .2223595     1.45   0.149    -.1159327    .7597299
       _cons |  -.2258089   .3549037    -0.64   0.525    -.9246232    .4730054
------------------------------------------------------------------------------

. 
. save nbasal_modified.DTA, replace
file nbasal_modified.DTA saved

. 
. 
. log close
      name:  <unnamed>
       log:  C:\Users\jgp958\Downloads\HW8\Jai_Prasadh_HW8.log
  log type:  text
 closed on:  16 Apr 2018, 00:45:46
---------------------------------------------------------------------------------------------------------------------------------------------
