---------------------------------------------------------------------------------------------------------------------------------------------
      name:  <unnamed>
       log:  C:\Users\jgp958\Downloads\HW2\Jai_Prasadh_HW2.log
  log type:  text
 opened on:   3 Feb 2018, 11:14:20

. 
. * Jai Prasadh
. * ECO 341K
. * HW 2
. * Written 2018-02-03
. di "Executed $S_DATE at $S_TIME"
Executed  3 Feb 2018 at 11:14:20

. 
. * Wooldridge C2.4
. use WAGE2.DTA

. 
. * (i)
. sum wage IQ

    Variable |        Obs        Mean    Std. Dev.       Min        Max
-------------+---------------------------------------------------------
        wage |        935    957.9455    404.3608        115       3078
          IQ |        935    101.2824    15.05264         50        145

. 
. * (ii)
. regress wage IQ

      Source |       SS           df       MS      Number of obs   =       935
-------------+----------------------------------   F(1, 933)       =     98.55
       Model |  14589782.6         1  14589782.6   Prob > F        =    0.0000
    Residual |   138126386       933  148045.429   R-squared       =    0.0955
-------------+----------------------------------   Adj R-squared   =    0.0946
       Total |   152716168       934  163507.675   Root MSE        =    384.77

------------------------------------------------------------------------------
        wage |      Coef.   Std. Err.      t    P>|t|     [95% Conf. Interval]
-------------+----------------------------------------------------------------
          IQ |   8.303064   .8363951     9.93   0.000     6.661631    9.944498
       _cons |   116.9916   85.64153     1.37   0.172    -51.08078    285.0639
------------------------------------------------------------------------------

. disp 8.303064 * 15
124.54596

. 
. * 1.
. scatter wage IQ || lfit wage IQ

. 
. * 2.
. corr wage IQ
(obs=935)

             |     wage       IQ
-------------+------------------
        wage |   1.0000
          IQ |   0.3091   1.0000


. corr wage IQ, covariance
(obs=935)

             |     wage       IQ
-------------+------------------
        wage |   163508
          IQ |  1881.32  226.582


. 
. if (1881.32 /(15.05264^2) > 8.303 & ///
> 1881.32 /(15.05264^2) < 8.304) disp "True"
True

. if (0.3091 * (404.3608 / 15.05264) > 8.303 & ///
> 0.3091 * (404.3608 / 15.05264) < 8.304) disp  "True"
True

. 
. * 3.
. predict wagehat
(option xb assumed; fitted values)

. *
. * Try to answer independently before looking at output
. *
. *
. *
. sum wagehat

    Variable |        Obs        Mean    Std. Dev.       Min        Max
-------------+---------------------------------------------------------
     wagehat |        935    957.9455     124.983   532.1448   1320.936

. corr wagehat IQ
(obs=935)

             |  wagehat       IQ
-------------+------------------
     wagehat |   1.0000
          IQ |   1.0000   1.0000


. 
. * 4.
. predict uhat, resid

. sum uhat

    Variable |        Obs        Mean    Std. Dev.       Min        Max
-------------+---------------------------------------------------------
        uhat |        935    9.78e-08    384.5607  -898.7225   2072.581

. corr uhat IQ
(obs=935)

             |     uhat       IQ
-------------+------------------
        uhat |   1.0000
          IQ |  -0.0000   1.0000


. * Mean of uhat is very tiny, ~0, and is uncorrelated with IQ
. 
. * 5.
. regress IQ wage

      Source |       SS           df       MS      Number of obs   =       935
-------------+----------------------------------   F(1, 933)       =     98.55
       Model |  20217.8895         1  20217.8895   Prob > F        =    0.0000
    Residual |  191409.569       933  205.154951   R-squared       =    0.0955
-------------+----------------------------------   Adj R-squared   =    0.0946
       Total |  211627.459       934  226.581862   Root MSE        =    14.323

------------------------------------------------------------------------------
          IQ |      Coef.   Std. Err.      t    P>|t|     [95% Conf. Interval]
-------------+----------------------------------------------------------------
        wage |    .011506    .001159     9.93   0.000     .0092314    .0137807
       _cons |   90.26021   1.205063    74.90   0.000     87.89526    92.62515
------------------------------------------------------------------------------

. 
. 
. save WAGE2modified.DTA, replace
file WAGE2modified.DTA saved

. 
. log close
      name:  <unnamed>
       log:  C:\Users\jgp958\Downloads\HW2\Jai_Prasadh_HW2.log
  log type:  text
 closed on:   3 Feb 2018, 11:14:21
---------------------------------------------------------------------------------------------------------------------------------------------
