---------------------------------------------------------------------------------------------------------------------------------------------
      name:  <unnamed>
       log:  C:\Users\jgp958\Downloads\HW7\Jai_Prasadh_HW7.log
  log type:  text
 opened on:  10 Apr 2018, 00:21:56

. 
. * Jai Prasadh
. * ECO 341K
. * HW 7
. * Written 2018-04-09
. di "Executed $S_DATE at $S_TIME"
Executed 10 Apr 2018 at 00:21:56

. 
. * Wooldridge C5.1
. use WAGE1.DTA, clear

. 
. * (i)
. quietly reg wage educ exper tenure

. predict uhat, resid

. * hist uhat
. 
. *(ii), (iii)
. quietly reg lwage educ exper tenure

. predict uhat1, resid

. * hist uhat1
. 
. save WAGE1_modified.DTA, replace
file WAGE1_modified.DTA saved

. 
. * Wooldridge C5.2
. use gpa2.dta, clear

. 
. * (i)
. reg colgpa hsperc sat

      Source |       SS           df       MS      Number of obs   =     4,137
-------------+----------------------------------   F(2, 4134)      =    777.92
       Model |  490.606706         2  245.303353   Prob > F        =    0.0000
    Residual |  1303.58897     4,134  .315333567   R-squared       =    0.2734
-------------+----------------------------------   Adj R-squared   =    0.2731
       Total |  1794.19567     4,136  .433799728   Root MSE        =    .56155

------------------------------------------------------------------------------
      colgpa |      Coef.   Std. Err.      t    P>|t|     [95% Conf. Interval]
-------------+----------------------------------------------------------------
      hsperc |  -.0135192   .0005495   -24.60   0.000    -.0145965    -.012442
         sat |   .0014762   .0000653    22.60   0.000     .0013482    .0016043
       _cons |   1.391757   .0715424    19.45   0.000     1.251495    1.532018
------------------------------------------------------------------------------

. 
. * (ii)
. reg colgpa hsperc sat if _n <= 2070

      Source |       SS           df       MS      Number of obs   =     2,070
-------------+----------------------------------   F(2, 2067)      =    407.39
       Model |  237.148705         2  118.574352   Prob > F        =    0.0000
    Residual |  601.615343     2,067  .291057254   R-squared       =    0.2827
-------------+----------------------------------   Adj R-squared   =    0.2820
       Total |  838.764048     2,069  .405395867   Root MSE        =     .5395

------------------------------------------------------------------------------
      colgpa |      Coef.   Std. Err.      t    P>|t|     [95% Conf. Interval]
-------------+----------------------------------------------------------------
      hsperc |  -.0127494   .0007185   -17.74   0.000    -.0141585   -.0113403
         sat |   .0014684   .0000886    16.58   0.000     .0012947    .0016421
       _cons |   1.436017   .0977819    14.69   0.000     1.244256    1.627779
------------------------------------------------------------------------------

. 
. * (iii)
. di .0005495 / .0007185
.76478775

. 
. save gpa2_modified.dta, replace
file gpa2_modified.dta saved

. 
. * Wooldridge C6.8
. use hprice1.DTA, clear

. 
. * (i)
. reg price lotsize sqrft bdrms 

      Source |       SS           df       MS      Number of obs   =        88
-------------+----------------------------------   F(3, 84)        =     57.46
       Model |  617130.701         3  205710.234   Prob > F        =    0.0000
    Residual |  300723.805        84   3580.0453   R-squared       =    0.6724
-------------+----------------------------------   Adj R-squared   =    0.6607
       Total |  917854.506        87  10550.0518   Root MSE        =    59.833

------------------------------------------------------------------------------
       price |      Coef.   Std. Err.      t    P>|t|     [95% Conf. Interval]
-------------+----------------------------------------------------------------
     lotsize |   .0020677   .0006421     3.22   0.002     .0007908    .0033446
       sqrft |   .1227782   .0132374     9.28   0.000     .0964541    .1491022
       bdrms |   13.85252   9.010145     1.54   0.128    -4.065141    31.77018
       _cons |  -21.77031   29.47504    -0.74   0.462    -80.38466    36.84405
------------------------------------------------------------------------------

. 
. * (ii)
. lincom 10000*lotsize + 2300 * sqrft + 4*bdrms

 ( 1)  10000*lotsize + 2300*sqrft + 4*bdrms = 0

------------------------------------------------------------------------------
       price |      Coef.   Std. Err.      t    P>|t|     [95% Conf. Interval]
-------------+----------------------------------------------------------------
         (1) |    358.477   32.44165    11.05   0.000     293.9632    422.9907
------------------------------------------------------------------------------

. 
. save hprice1_modified.dta, replace
file hprice1_modified.dta saved

. 
. * Wooldridge C7.2
. use WAGE2.DTA, clear

. 
. * (i)
. reg lwage educ exper tenure married black south urban 

      Source |       SS           df       MS      Number of obs   =       935
-------------+----------------------------------   F(7, 927)       =     44.75
       Model |  41.8377619         7  5.97682312   Prob > F        =    0.0000
    Residual |  123.818521       927  .133569063   R-squared       =    0.2526
-------------+----------------------------------   Adj R-squared   =    0.2469
       Total |  165.656283       934  .177362188   Root MSE        =    .36547

------------------------------------------------------------------------------
       lwage |      Coef.   Std. Err.      t    P>|t|     [95% Conf. Interval]
-------------+----------------------------------------------------------------
        educ |   .0654307   .0062504    10.47   0.000     .0531642    .0776973
       exper |    .014043   .0031852     4.41   0.000      .007792     .020294
      tenure |   .0117473    .002453     4.79   0.000     .0069333    .0165613
     married |   .1994171   .0390502     5.11   0.000     .1227801     .276054
       black |  -.1883499   .0376666    -5.00   0.000    -.2622717   -.1144281
       south |  -.0909036   .0262485    -3.46   0.001     -.142417   -.0393903
       urban |   .1839121   .0269583     6.82   0.000     .1310056    .2368185
       _cons |   5.395497    .113225    47.65   0.000      5.17329    5.617704
------------------------------------------------------------------------------

. 
. * (iv)
. gen marblck=married * black

. reg lwage educ exper tenure married black south urban marblck

      Source |       SS           df       MS      Number of obs   =       935
-------------+----------------------------------   F(8, 926)       =     39.17
       Model |  41.8849359         8  5.23561699   Prob > F        =    0.0000
    Residual |  123.771347       926  .133662362   R-squared       =    0.2528
-------------+----------------------------------   Adj R-squared   =    0.2464
       Total |  165.656283       934  .177362188   Root MSE        =     .3656

------------------------------------------------------------------------------
       lwage |      Coef.   Std. Err.      t    P>|t|     [95% Conf. Interval]
-------------+----------------------------------------------------------------
        educ |   .0654751    .006253    10.47   0.000     .0532034    .0777469
       exper |   .0141462    .003191     4.43   0.000     .0078837    .0204087
      tenure |   .0116628   .0024579     4.74   0.000      .006839    .0164866
     married |   .1889147   .0428777     4.41   0.000     .1047659    .2730635
       black |    -.24082   .0960229    -2.51   0.012    -.4292677   -.0523723
       south |  -.0919894   .0263212    -3.49   0.000    -.1436455   -.0403333
       urban |   .1843501   .0269778     6.83   0.000     .1314053    .2372948
     marblck |   .0613537   .1032747     0.59   0.553    -.1413259    .2640333
       _cons |   5.403793   .1141222    47.35   0.000     5.179825    5.627762
------------------------------------------------------------------------------

. 
. save WAGE2_modified.dta, replace
file WAGE2_modified.dta saved

. 
. * Wooldridge C7.3
. use MLB1.DTA, clear

. 
. * (i)
. reg lsalary years gamesyr bavg hrunsyr rbisyr runsyr fldperc ///
> allstar frstbase scndbase thrdbase shrtstop catcher

      Source |       SS           df       MS      Number of obs   =       353
-------------+----------------------------------   F(13, 339)      =     49.19
       Model |  321.655956        13  24.7427658   Prob > F        =    0.0000
    Residual |  170.519579       339  .503007609   R-squared       =    0.6535
-------------+----------------------------------   Adj R-squared   =    0.6403
       Total |  492.175535       352  1.39822595   Root MSE        =    .70923

------------------------------------------------------------------------------
     lsalary |      Coef.   Std. Err.      t    P>|t|     [95% Conf. Interval]
-------------+----------------------------------------------------------------
       years |   .0584178   .0122732     4.76   0.000     .0342767    .0825589
     gamesyr |    .009767   .0033776     2.89   0.004     .0031232    .0164107
        bavg |   .0004814   .0011411     0.42   0.673    -.0017631    .0027259
     hrunsyr |   .0191459   .0159638     1.20   0.231    -.0122547    .0505465
      rbisyr |   .0017875   .0074755     0.24   0.811    -.0129167    .0164917
      runsyr |   .0118707   .0045264     2.62   0.009     .0029673    .0207741
     fldperc |   .0002833   .0023078     0.12   0.902    -.0042562    .0048227
     allstar |   .0063351   .0028828     2.20   0.029     .0006647    .0120055
    frstbase |  -.1328009   .1309243    -1.01   0.311    -.3903273    .1247254
    scndbase |  -.1611011   .1414296    -1.14   0.255    -.4392912    .1170891
    thrdbase |   .0145271   .1430352     0.10   0.919    -.2668211    .2958754
    shrtstop |  -.0605672   .1302031    -0.47   0.642    -.3166749    .1955404
     catcher |   .2535592   .1313128     1.93   0.054    -.0047313    .5118497
       _cons |   11.12955   2.304454     4.83   0.000     6.596723    15.66238
------------------------------------------------------------------------------

. 
. * (ii), (iii)
. test frstbase scndbase thrdbase shrtstop catcher

 ( 1)  frstbase = 0
 ( 2)  scndbase = 0
 ( 3)  thrdbase = 0
 ( 4)  shrtstop = 0
 ( 5)  catcher = 0

       F(  5,   339) =    1.78
            Prob > F =    0.1168

. 
. save MLB1_modified.dta, replace
file MLB1_modified.dta saved

. 
. log close
      name:  <unnamed>
       log:  C:\Users\jgp958\Downloads\HW7\Jai_Prasadh_HW7.log
  log type:  text
 closed on:  10 Apr 2018, 00:21:56
---------------------------------------------------------------------------------------------------------------------------------------------
