---------------------------------------------------------------------------------------------------------------------------------------------
      name:  <unnamed>
       log:  C:\Users\jgp958\Downloads\HW9\Jai_Prasadh_HW9.log
  log type:  text
 opened on:  19 Apr 2018, 00:11:33

. 
. * Jai Prasadh
. * ECO 341K
. * HW 9
. * Written 2018-04-18
. di "Executed $S_DATE at $S_TIME"
Executed 19 Apr 2018 at 00:11:33

. 
. * Wooldridge C8.2
. use hprice1.dta, clear

. 
. * (i)
. reg price lotsize sqrft bdrms, robust

Linear regression                               Number of obs     =         88
                                                F(3, 84)          =      23.72
                                                Prob > F          =     0.0000
                                                R-squared         =     0.6724
                                                Root MSE          =     59.833

------------------------------------------------------------------------------
             |               Robust
       price |      Coef.   Std. Err.      t    P>|t|     [95% Conf. Interval]
-------------+----------------------------------------------------------------
     lotsize |   .0020677   .0012514     1.65   0.102    -.0004209    .0045563
       sqrft |   .1227782   .0177253     6.93   0.000     .0875294     .158027
       bdrms |   13.85252   8.478625     1.63   0.106    -3.008154     30.7132
       _cons |  -21.77031   37.13821    -0.59   0.559    -95.62371     52.0831
------------------------------------------------------------------------------

. 
. * (ii)
. reg lprice lotsize sqrft bdrms, robust

Linear regression                               Number of obs     =         88
                                                F(3, 84)          =      47.23
                                                Prob > F          =     0.0000
                                                R-squared         =     0.6223
                                                Root MSE          =     .18988

------------------------------------------------------------------------------
             |               Robust
      lprice |      Coef.   Std. Err.      t    P>|t|     [95% Conf. Interval]
-------------+----------------------------------------------------------------
     lotsize |   5.60e-06   2.50e-06     2.24   0.028     6.35e-07    .0000106
       sqrft |   .0003641   .0000479     7.60   0.000     .0002689    .0004593
       bdrms |   .0252388   .0314289     0.80   0.424     -.037261    .0877386
       _cons |   4.759375   .0833071    57.13   0.000      4.59371    4.925041
------------------------------------------------------------------------------

. 
. * (iii)
. * (iv)
. * (v)
. reg lprice lotsize sqrft bdrms

      Source |       SS           df       MS      Number of obs   =        88
-------------+----------------------------------   F(3, 84)        =     46.13
       Model |  4.98917377         3  1.66305792   Prob > F        =    0.0000
    Residual |  3.02842975        84  .036052735   R-squared       =    0.6223
-------------+----------------------------------   Adj R-squared   =    0.6088
       Total |  8.01760352        87  .092156362   Root MSE        =    .18988

------------------------------------------------------------------------------
      lprice |      Coef.   Std. Err.      t    P>|t|     [95% Conf. Interval]
-------------+----------------------------------------------------------------
     lotsize |   5.60e-06   2.04e-06     2.75   0.007     1.55e-06    9.65e-06
       sqrft |   .0003641    .000042     8.67   0.000     .0002806    .0004477
       bdrms |   .0252388   .0285928     0.88   0.380    -.0316211    .0820987
       _cons |   4.759375   .0935361    50.88   0.000     4.573369    4.945382
------------------------------------------------------------------------------

. lincom _cons + 9000*lotsize + 2000*sqrft + 3*bdrms

 ( 1)  9000*lotsize + 2000*sqrft + 3*bdrms + _cons = 0

------------------------------------------------------------------------------
      lprice |      Coef.   Std. Err.      t    P>|t|     [95% Conf. Interval]
-------------+----------------------------------------------------------------
         (1) |   5.613743   .0257714   217.83   0.000     5.562493    5.664992
------------------------------------------------------------------------------

. 
. save hprice1_modified.DTA, replace
file hprice1_modified.DTA saved

. 
. * Wooldridge C8.4
. use VOTE1.DTA, clear

. 
. * (i)
. reg voteA prtystrA democA lexpendA lexpendB

      Source |       SS           df       MS      Number of obs   =       173
-------------+----------------------------------   F(4, 168)       =    169.23
       Model |  38822.1774         4  9705.54436   Prob > F        =    0.0000
    Residual |  9635.07113       168  57.3516139   R-squared       =    0.8012
-------------+----------------------------------   Adj R-squared   =    0.7964
       Total |  48457.2486       172  281.728189   Root MSE        =    7.5731

------------------------------------------------------------------------------
       voteA |      Coef.   Std. Err.      t    P>|t|     [95% Conf. Interval]
-------------+----------------------------------------------------------------
    prtystrA |   .2519176   .0712925     3.53   0.001     .1111729    .3926623
      democA |   3.792943    1.40652     2.70   0.008     1.016213    6.569674
    lexpendA |   5.779294   .3918197    14.75   0.000      5.00577    6.552819
    lexpendB |  -6.237836   .3974596   -15.69   0.000    -7.022495   -5.453178
       _cons |   37.66142   4.736036     7.95   0.000      28.3116    47.01123
------------------------------------------------------------------------------

. predict uhat, resid

. reg uhat prtystrA democA lexpendA lexpendB

      Source |       SS           df       MS      Number of obs   =       173
-------------+----------------------------------   F(4, 168)       =      0.00
       Model |           0         4           0   Prob > F        =    1.0000
    Residual |  9635.07121       168  57.3516143   R-squared       =    0.0000
-------------+----------------------------------   Adj R-squared   =   -0.0238
       Total |  9635.07121       172  56.0178559   Root MSE        =    7.5731

------------------------------------------------------------------------------
        uhat |      Coef.   Std. Err.      t    P>|t|     [95% Conf. Interval]
-------------+----------------------------------------------------------------
    prtystrA |  -4.12e-09   .0712925    -0.00   1.000    -.1407447    .1407447
      democA |  -6.78e-08    1.40652    -0.00   1.000    -2.776731     2.77673
    lexpendA |   2.74e-08   .3918197     0.00   1.000    -.7735247    .7735247
    lexpendB |  -4.13e-09   .3974596    -0.00   1.000    -.7846588    .7846588
       _cons |   1.22e-07   4.736036     0.00   1.000    -9.349811    9.349811
------------------------------------------------------------------------------

. 
. * (ii)
. gen uhatsq = uhat*uhat

. reg uhatsq prtystrA democA lexpendA lexpendB

      Source |       SS           df       MS      Number of obs   =       173
-------------+----------------------------------   F(4, 168)       =      2.33
       Model |  61537.0914         4  15384.2728   Prob > F        =    0.0581
    Residual |  1109198.65       168  6602.37289   R-squared       =    0.0526
-------------+----------------------------------   Adj R-squared   =    0.0300
       Total |  1170735.74       172  6806.60313   Root MSE        =    81.255

------------------------------------------------------------------------------
      uhatsq |      Coef.   Std. Err.      t    P>|t|     [95% Conf. Interval]
-------------+----------------------------------------------------------------
    prtystrA |   -.299264   .7649294    -0.39   0.696    -1.809376    1.210848
      democA |   15.61921   15.09117     1.03   0.302    -14.17356    45.41198
    lexpendA |  -10.30573   4.204008    -2.45   0.015    -18.60522   -2.006238
    lexpendB |  -.0514053    4.26452    -0.01   0.990    -8.470358    8.367547
       _cons |   113.9635   50.81503     2.24   0.026      13.6452    214.2817
------------------------------------------------------------------------------

. 
. save VOTE1_modified.DTA, replace
file VOTE1_modified.DTA saved

. 
. * Wooldridge C9.4
. use INFMRT.DTA, clear

. 
. * (i)
. * (ii)
. reg infmort lpcinc lphysic lpopul DC

      Source |       SS           df       MS      Number of obs   =       102
-------------+----------------------------------   F(4, 97)        =     43.72
       Model |  275.630859         4  68.9077147   Prob > F        =    0.0000
    Residual |   152.87119        97  1.57599165   R-squared       =    0.6432
-------------+----------------------------------   Adj R-squared   =    0.6285
       Total |  428.502049       101  4.24259454   Root MSE        =    1.2554

------------------------------------------------------------------------------
     infmort |      Coef.   Std. Err.      t    P>|t|     [95% Conf. Interval]
-------------+----------------------------------------------------------------
      lpcinc |  -2.396351   .8866076    -2.70   0.008    -4.156022   -.6366808
     lphysic |  -1.554771   .7734138    -2.01   0.047    -3.089783   -.0197588
      lpopul |   .5755155   .1365241     4.22   0.000     .3045529     .846478
          DC |   13.96317   1.246646    11.20   0.000     11.48892    16.43742
       _cons |    36.2125   6.726709     5.38   0.000     22.86185    49.56316
------------------------------------------------------------------------------

. 
. save INFMRT_modified.DTA, replace
file INFMRT_modified.DTA saved

. 
. log close
      name:  <unnamed>
       log:  C:\Users\jgp958\Downloads\HW9\Jai_Prasadh_HW9.log
  log type:  text
 closed on:  19 Apr 2018, 00:11:33
---------------------------------------------------------------------------------------------------------------------------------------------
