---------------------------------------------------------------------------------------------------------------------------------------------
      name:  <unnamed>
       log:  C:\Users\jgp958\Downloads\HW5\Jai_Prasadh_HW5.log
  log type:  text
 opened on:   4 Mar 2018, 17:24:50

. 
. * Jai Prasadh
. * ECO 341K
. * HW 5
. * Written 2018-03-04
. di "Executed $S_DATE at $S_TIME"
Executed  4 Mar 2018 at 17:24:50

. 
. * Wooldridge C4.8
. use 401ksubs.dta, clear

. 
. * (i)
. sum if fsize == 1

    Variable |        Obs        Mean    Std. Dev.       Min        Max
-------------+---------------------------------------------------------
       e401k |      2,017    .3604363    .4802461          0          1
         inc |      2,017    29.44618    16.67356     10.008    143.067
        marr |      2,017    .0183441    .1342256          0          1
        male |      2,017    .5418939    .4983654          0          1
         age |      2,017    39.27814    10.82328         25         64
-------------+---------------------------------------------------------
       fsize |      2,017           1           0          1          1
      nettfa |      2,017    13.59498    47.59058     -143.5   1134.098
       p401k |      2,017    .2429351    .4289625          0          1
        pira |      2,017    .2141795    .4103536          0          1
       incsq |      2,017    1144.947    1581.761   100.1601   20468.17
-------------+---------------------------------------------------------
       agesq |      2,017    1659.857    922.5799        625       4096

. 
. * (ii)
. reg nettfa inc age if fsize == 1

      Source |       SS           df       MS      Number of obs   =     2,017
-------------+----------------------------------   F(2, 2014)      =    136.46
       Model |  544916.989         2  272458.495   Prob > F        =    0.0000
    Residual |  4021048.06     2,014  1996.54819   R-squared       =    0.1193
-------------+----------------------------------   Adj R-squared   =    0.1185
       Total |  4565965.05     2,016  2264.86361   Root MSE        =    44.683

------------------------------------------------------------------------------
      nettfa |      Coef.   Std. Err.      t    P>|t|     [95% Conf. Interval]
-------------+----------------------------------------------------------------
         inc |   .7993167   .0597307    13.38   0.000     .6821762    .9164572
         age |   .8426563   .0920169     9.16   0.000     .6621982    1.023115
       _cons |  -43.03981   4.080393   -10.55   0.000    -51.04204   -35.03758
------------------------------------------------------------------------------

. 
. * (iv)
. di abs((.8426563 - 1) / .0920169)
1.7099435

. di 2 * ttail(2017 - 3, 1.7099435)
.08743035

. 
. * (v)
. reg nettfa inc if fsize == 1

      Source |       SS           df       MS      Number of obs   =     2,017
-------------+----------------------------------   F(1, 2015)      =    181.60
       Model |  377482.064         1  377482.064   Prob > F        =    0.0000
    Residual |  4188482.98     2,015   2078.6516   R-squared       =    0.0827
-------------+----------------------------------   Adj R-squared   =    0.0822
       Total |  4565965.05     2,016  2264.86361   Root MSE        =    45.592

------------------------------------------------------------------------------
      nettfa |      Coef.   Std. Err.      t    P>|t|     [95% Conf. Interval]
-------------+----------------------------------------------------------------
         inc |   .8206815      .0609    13.48   0.000     .7012479     .940115
       _cons |  -10.57095   2.060678    -5.13   0.000    -14.61223   -6.529671
------------------------------------------------------------------------------

. quietly reg inc age if fsize == 1

. 
. 
. save 401ksubs_modified.dta, replace
file 401ksubs_modified.dta saved

. 
. * Trejo Problem 2
. use stocks.dta, clear

. 
. quietly reg ge ibm

. quietly reg ge ibm dowjones

. 
. * (a)
. * SLR:
. di (.0605673) * invttail(96-2, 0.05)
.10061596

. di (.3443231 - .10061596) " to " (.3443231 + .10061596)
.24370714 to .44493906

. * MLR:
. di (.0722013) * invttail(96-3, 0.05)
.11995551

. di (.1143767 - .11995551) " to " (.1143767 + .11995551)
-.00557881 to .23433221

. 
. reg ge ibm, level(90)

      Source |       SS           df       MS      Number of obs   =        96
-------------+----------------------------------   F(1, 94)        =     32.32
       Model |  .089221529         1  .089221529   Prob > F        =    0.0000
    Residual |  .259502653        94  .002760667   R-squared       =    0.2559
-------------+----------------------------------   Adj R-squared   =    0.2479
       Total |  .348724181        95  .003670781   Root MSE        =    .05254

------------------------------------------------------------------------------
          ge |      Coef.   Std. Err.      t    P>|t|     [90% Conf. Interval]
-------------+----------------------------------------------------------------
         ibm |   .3443231   .0605673     5.68   0.000     .2437071    .4449391
       _cons |  -.0012008   .0053695    -0.22   0.824    -.0101208    .0077191
------------------------------------------------------------------------------

. reg ge ibm dowjones, level(90)

      Source |       SS           df       MS      Number of obs   =        96
-------------+----------------------------------   F(2, 93)        =     31.76
       Model |  .141521982         2  .070760991   Prob > F        =    0.0000
    Residual |  .207202199        93  .002227981   R-squared       =    0.4058
-------------+----------------------------------   Adj R-squared   =    0.3930
       Total |  .348724181        95  .003670781   Root MSE        =     .0472

------------------------------------------------------------------------------
          ge |      Coef.   Std. Err.      t    P>|t|     [90% Conf. Interval]
-------------+----------------------------------------------------------------
         ibm |   .1143767   .0722013     1.58   0.117    -.0055788    .2343323
    dowjones |   .7798454   .1609576     4.85   0.000     .5124299    1.047261
       _cons |  -.0019457   .0048262    -0.40   0.688    -.0099639    .0060726
------------------------------------------------------------------------------

. 
. * (b)
. di abs((.7798454 - 1) / .1609576)
1.3677801

. di 2 * ttail(96-3, 1.3677801)
.17467705

. 
. save stocks_modified.dta, replace
file stocks_modified.dta saved

. 
. log close
      name:  <unnamed>
       log:  C:\Users\jgp958\Downloads\HW5\Jai_Prasadh_HW5.log
  log type:  text
 closed on:   4 Mar 2018, 17:24:50
---------------------------------------------------------------------------------------------------------------------------------------------
